<?xml version="1.0" encoding="UTF-8"?>
<testng-results ignored="0" total="1" passed="1" failed="0" skipped="0">
  <reporter-output>
  </reporter-output>
  <suite started-at="2021-07-06T12:03:37 IST" name="Default suite" finished-at="2021-07-06T12:03:41 IST" duration-ms="3682">
    <groups>
    </groups>
    <test started-at="2021-07-06T12:03:37 IST" name="Default test" finished-at="2021-07-06T12:03:41 IST" duration-ms="3682">
      <class name="com.Http.Clientdemo.TC_005_DeleteMethod">
        <test-method signature="delete()[pri:0, instance:com.Http.Clientdemo.TC_005_DeleteMethod@27ff5d15]" started-at="2021-07-06T12:03:38 IST" name="delete" finished-at="2021-07-06T12:03:41 IST" duration-ms="3548" status="PASS">
          <reporter-output>
          </reporter-output>
        </test-method> <!-- delete -->
      </class> <!-- com.Http.Clientdemo.TC_005_DeleteMethod -->
    </test> <!-- Default test -->
  </suite> <!-- Default suite -->
</testng-results>
